e:\development\[git]\ins_dashboard\x64\debug\vc140.pdb
e:\development\[git]\ins_dashboard\x64\debug\ui.obj
e:\development\[git]\ins_dashboard\x64\debug\ptt.obj
e:\development\[git]\ins_dashboard\x64\debug\devicemanagment.obj
e:\development\[git]\ins_dashboard\x64\debug\datastorage.obj
e:\development\[git]\ins_dashboard\x64\debug\dashboard.obj
e:\development\[git]\ins_dashboard\x64\debug\moc_voicesender.obj
e:\development\[git]\ins_dashboard\x64\debug\moc_ui.obj
e:\development\[git]\ins_dashboard\x64\debug\moc_qaudiolevel.obj
e:\development\[git]\ins_dashboard\x64\debug\moc_ptt.obj
e:\development\[git]\ins_dashboard\x64\debug\moc_jsoncontroll.obj
e:\development\[git]\ins_dashboard\x64\debug\moc_devicemanagment.obj
e:\development\[git]\ins_dashboard\x64\debug\moc_datastorage.obj
e:\development\[git]\ins_dashboard\x64\debug\moc_datamanager.obj
e:\development\[git]\ins_dashboard\x64\debug\moc_dashboard_main.obj
e:\development\[git]\ins_dashboard\x64\debug\moc_dashboard.obj
e:\development\[git]\ins_dashboard\x64\debug\moc_audiorecorder.obj
e:\development\[git]\ins_dashboard\x64\debug\jsoncontroll.obj
e:\development\[git]\ins_dashboard\x64\debug\datamanager.obj
e:\development\[git]\ins_dashboard\x64\debug\dashboard_main.obj
e:\development\[git]\ins_dashboard\x64\debug\voicesender.obj
e:\development\[git]\ins_dashboard\x64\debug\qaudiolevel.obj
e:\development\[git]\ins_dashboard\x64\debug\main.obj
e:\development\[git]\ins_dashboard\x64\debug\audiorecorder.obj
e:\development\[git]\ins_dashboard\x64\debug\db_mysql.obj
e:\development\[git]\ins_dashboard\x64\debug\moc_db_mysql.obj
e:\development\[git]\ins_dashboard\x64\debug\qrc_gui_img_icon.obj
e:\development\[git]\ins_dashboard\debug\moc_voicesender.cpp
e:\development\[git]\ins_dashboard\debug\moc_dashboard_main.cpp
e:\development\[git]\ins_dashboard\debug\moc_dashboard.cpp
e:\development\[git]\ins_dashboard\debug\moc_ptt.cpp
e:\development\[git]\ins_dashboard\debug\moc_ui.cpp
e:\development\[git]\ins_dashboard\debug\moc_audiorecorder.cpp
e:\development\[git]\ins_dashboard\debug\moc_jsoncontroll.cpp
e:\development\[git]\ins_dashboard\debug\moc_qaudiolevel.cpp
e:\development\[git]\ins_dashboard\generatedfiles\ui_audiorecorder.h
e:\development\[git]\ins_dashboard\debug\moc_db_mysql.cpp
e:\development\[git]\ins_dashboard\debug\moc_devicemanagment.cpp
e:\development\[git]\ins_dashboard\debug\moc_datamanager.cpp
e:\development\[git]\ins_dashboard\debug\moc_datastorage.cpp
e:\development\[git]\ins_dashboard\generatedfiles\qrc_gui_img_icon.cpp
e:\development\[git]\ins_dashboard\debug\moc_predefs.h
e:\development\[git]\ins_dashboard\debug\ins_dashboard.ilk
e:\development\[git]\ins_dashboard\debug\ins_dashboard.exe
e:\development\[git]\ins_dashboard\debug\ins_dashboard.pdb
e:\development\[git]\ins_dashboard\x64\debug\qtguiapplication1.pdb
e:\development\[git]\ins_dashboard\x64\debug\ins_dashboard.tlog\cl.command.1.tlog
e:\development\[git]\ins_dashboard\x64\debug\ins_dashboard.tlog\cl.read.1.tlog
e:\development\[git]\ins_dashboard\x64\debug\ins_dashboard.tlog\cl.write.1.tlog
e:\development\[git]\ins_dashboard\x64\debug\ins_dashboard.tlog\custombuild.command.1.tlog
e:\development\[git]\ins_dashboard\x64\debug\ins_dashboard.tlog\custombuild.read.1.tlog
e:\development\[git]\ins_dashboard\x64\debug\ins_dashboard.tlog\custombuild.write.1.tlog
e:\development\[git]\ins_dashboard\x64\debug\ins_dashboard.tlog\link.command.1.tlog
e:\development\[git]\ins_dashboard\x64\debug\ins_dashboard.tlog\link.read.1.tlog
e:\development\[git]\ins_dashboard\x64\debug\ins_dashboard.tlog\link.write.1.tlog
