  Moc'ing DeviceManagment.h...
  Generate moc_predefs.h
  DashBoard_main.cpp
e:\development\[git]\ins_dashboard\css3_code.h : warning C4819: 현재 코드 페이지(949)에서 표시할 수 없는 문자가 파일에 들어 있습니다. 데이터가 손실되지 않게 하려면 해당 파일을 유니코드 형식으로 저장하십시오.
  moc_DashBoard_main.cpp
e:\development\[git]\ins_dashboard\css3_code.h : warning C4819: 현재 코드 페이지(949)에서 표시할 수 없는 문자가 파일에 들어 있습니다. 데이터가 손실되지 않게 하려면 해당 파일을 유니코드 형식으로 저장하십시오.
  moc_DeviceManagment.cpp
  moc_UI.cpp
E:\Development\[Git]\INS_DashBoard\css3_code.h : warning C4819: 현재 코드 페이지(949)에서 표시할 수 없는 문자가 파일에 들어 있습니다. 데이터가 손실되지 않게 하려면 해당 파일을 유니코드 형식으로 저장하십시오.
  DeviceManagment.cpp
UI\DeviceManagment.cpp(11): warning C4100: 'event': 참조되지 않은 정식 매개 변수입니다.
UI\DeviceManagment.cpp(152): warning C4189: 'type': 지역 변수가 초기화되었으나 참조되지 않았습니다.
UI\DeviceManagment.cpp(153): warning C4189: 'data': 지역 변수가 초기화되었으나 참조되지 않았습니다.
UI\DeviceManagment.cpp(158): warning C4100: 'event': 참조되지 않은 정식 매개 변수입니다.
  UI.cpp
E:\Development\[Git]\INS_DashBoard\css3_code.h : warning C4819: 현재 코드 페이지(949)에서 표시할 수 없는 문자가 파일에 들어 있습니다. 데이터가 손실되지 않게 하려면 해당 파일을 유니코드 형식으로 저장하십시오.
UI\UI.cpp(76): warning C4100: 'event': 참조되지 않은 정식 매개 변수입니다.
  main.cpp
e:\development\[git]\ins_dashboard\css3_code.h : warning C4819: 현재 코드 페이지(949)에서 표시할 수 없는 문자가 파일에 들어 있습니다. 데이터가 손실되지 않게 하려면 해당 파일을 유니코드 형식으로 저장하십시오.
  코드를 생성하고 있습니다...
  INS_DashBoard.vcxproj -> E:\Development\[Git]\INS_DashBoard\debug\INS_DashBoard.exe
  INS_DashBoard.vcxproj -> debug\INS_DashBoard.pdb (Full PDB)
