  Generate moc_predefs.h
  DashBoard_main.cpp
e:\development\[git]\ins_dashboard\css3_code.h : warning C4819: 현재 코드 페이지(949)에서 표시할 수 없는 문자가 파일에 들어 있습니다. 데이터가 손실되지 않게 하려면 해당 파일을 유니코드 형식으로 저장하십시오.
e:\development\[git]\ins_dashboard\db/db_mysql.h(11): fatal error C1083: 포함 파일을 열 수 없습니다. 'my_global.h': No such file or directory
  DataManager.cpp
e:\development\[git]\ins_dashboard\css3_code.h : warning C4819: 현재 코드 페이지(949)에서 표시할 수 없는 문자가 파일에 들어 있습니다. 데이터가 손실되지 않게 하려면 해당 파일을 유니코드 형식으로 저장하십시오.
e:\development\[git]\ins_dashboard\db/db_mysql.h(11): fatal error C1083: 포함 파일을 열 수 없습니다. 'my_global.h': No such file or directory
  moc_DashBoard_main.cpp
e:\development\[git]\ins_dashboard\css3_code.h : warning C4819: 현재 코드 페이지(949)에서 표시할 수 없는 문자가 파일에 들어 있습니다. 데이터가 손실되지 않게 하려면 해당 파일을 유니코드 형식으로 저장하십시오.
e:\development\[git]\ins_dashboard\db/db_mysql.h(11): fatal error C1083: 포함 파일을 열 수 없습니다. 'my_global.h': No such file or directory
  moc_DataManager.cpp
e:\development\[git]\ins_dashboard\css3_code.h : warning C4819: 현재 코드 페이지(949)에서 표시할 수 없는 문자가 파일에 들어 있습니다. 데이터가 손실되지 않게 하려면 해당 파일을 유니코드 형식으로 저장하십시오.
e:\development\[git]\ins_dashboard\db/db_mysql.h(11): fatal error C1083: 포함 파일을 열 수 없습니다. 'my_global.h': No such file or directory
  moc_db_mysql.cpp
e:\development\[git]\ins_dashboard\release\../db/db_mysql.h(11): fatal error C1083: 포함 파일을 열 수 없습니다. 'my_global.h': No such file or directory
  DataStorage.cpp
DataStorage.cpp(196): warning C4305: '인수': 'double'에서 'float'(으)로 잘립니다.
  db_mysql.cpp
e:\development\[git]\ins_dashboard\db\db_mysql.h(11): fatal error C1083: 포함 파일을 열 수 없습니다. 'my_global.h': No such file or directory
  main.cpp
e:\development\[git]\ins_dashboard\css3_code.h : warning C4819: 현재 코드 페이지(949)에서 표시할 수 없는 문자가 파일에 들어 있습니다. 데이터가 손실되지 않게 하려면 해당 파일을 유니코드 형식으로 저장하십시오.
e:\development\[git]\ins_dashboard\db/db_mysql.h(11): fatal error C1083: 포함 파일을 열 수 없습니다. 'my_global.h': No such file or directory
  코드를 생성하고 있습니다...
