e:\development\[git]\qtguiapplication1\x64\debug\vc140.pdb
e:\development\[git]\qtguiapplication1\x64\debug\taglocationsimulatior.obj
e:\development\[git]\qtguiapplication1\x64\debug\main.obj
e:\development\[git]\qtguiapplication1\x64\debug\moc_taglocationsimulatior.obj
e:\development\[git]\qtguiapplication1\x64\debug\moc_db_mysql.obj
e:\development\[git]\qtguiapplication1\x64\debug\db_mysql.obj
e:\development\[git]\qtguiapplication1\x64\debug\qrc_taglocationsimulatior.obj
e:\development\[git]\qtguiapplication1\generatedfiles\qrc_taglocationsimulatior.cpp
e:\development\[git]\qtguiapplication1\generatedfiles\debug\moc_db_mysql.cpp
e:\development\[git]\qtguiapplication1\generatedfiles\debug\moc_taglocationsimulatior.cpp
e:\development\[git]\qtguiapplication1\x64\debug\qtguiapp.b12702ad.tlog\cl.command.1.tlog
e:\development\[git]\qtguiapplication1\x64\debug\qtguiapp.b12702ad.tlog\cl.read.1.tlog
e:\development\[git]\qtguiapplication1\x64\debug\qtguiapp.b12702ad.tlog\cl.write.1.tlog
e:\development\[git]\qtguiapplication1\x64\debug\qtguiapp.b12702ad.tlog\custombuild.command.1.tlog
e:\development\[git]\qtguiapplication1\x64\debug\qtguiapp.b12702ad.tlog\custombuild.read.1.tlog
e:\development\[git]\qtguiapplication1\x64\debug\qtguiapp.b12702ad.tlog\custombuild.write.1.tlog
e:\development\[git]\qtguiapplication1\x64\debug\qtguiapp.b12702ad.tlog\link.15388-cvtres.read.1.tlog
e:\development\[git]\qtguiapplication1\x64\debug\qtguiapp.b12702ad.tlog\link.15388-cvtres.write.1.tlog
e:\development\[git]\qtguiapplication1\x64\debug\qtguiapp.b12702ad.tlog\link.15388-rc.read.1.tlog
e:\development\[git]\qtguiapplication1\x64\debug\qtguiapp.b12702ad.tlog\link.15388-rc.write.1.tlog
e:\development\[git]\qtguiapplication1\x64\debug\qtguiapp.b12702ad.tlog\link.15388.read.1.tlog
e:\development\[git]\qtguiapplication1\x64\debug\qtguiapp.b12702ad.tlog\link.15388.write.1.tlog
e:\development\[git]\qtguiapplication1\x64\debug\qtguiapp.b12702ad.tlog\link.command.1.tlog
e:\development\[git]\qtguiapplication1\x64\debug\qtguiapp.b12702ad.tlog\link.read.1.tlog
e:\development\[git]\qtguiapplication1\x64\debug\qtguiapp.b12702ad.tlog\link.write.1.tlog
